============================================================
­Ъџђ Prompt Pipeline V2 - т«їТЋ┤ућеТѕиУи»тЙё + УЎџТІЪСйюУђЁТћ»ТїЂ
============================================================
­ЪЊѓ УЙЊтЁЦТќЄС╗Х: logs/prompts-input.json
­ЪЊі Prompt ТЋ░жЄЈ: 200
­ЪДф ТеАт╝Ј: ТЅДУАї
­Ъћё С╗јТќГуѓ╣у╗Ду╗Г

­ЪЊѕ ти▓тіаУййУ┐Џт║д: 200 СИф prompts
­ЪДа Сй┐уће AI ТЎ║УЃйтѕєжЁЇ (200 СИфТўат░ё)

[1/200] тцёуљє: prompt-553
----------------------------------------
РЈГ№ИЈ [Step 1] prompt-553 ти▓тѕєТъљ№╝їУи│У┐Є
РЈГ№ИЈ [Step 2] prompt-553 ти▓у╝ќУ»Љ№╝їУи│У┐Є
РЈГ№ИЈ [Step 3] prompt-553 ти▓ућЪТѕљ№╝їУи│У┐Є
РЈГ№ИЈ [Step 4] prompt-553 ти▓тѕЏт╗║№╝їУи│У┐Є
РЈГ№ИЈ [Step 5] prompt-553 ти▓ућЪТѕљ SEO№╝їУи│У┐Є

[2/200] тцёуљє: prompt-78
----------------------------------------
РЈГ№ИЈ [Step 1] prompt-78 ти▓тѕєТъљ№╝їУи│У┐Є
РЈГ№ИЈ [Step 2] prompt-78 ти▓у╝ќУ»Љ№╝їУи│У┐Є
РЈГ№ИЈ [Step 3] prompt-78 ти▓ућЪТѕљ№╝їУи│У┐Є
РЈГ№ИЈ [Step 4] prompt-78 ти▓тѕЏт╗║№╝їУи│У┐Є
РЈГ№ИЈ [Step 5] prompt-78 ти▓ућЪТѕљ SEO№╝їУи│У┐Є

[3/200] тцёуљє: prompt-2784
----------------------------------------
РЈГ№ИЈ [Step 1] prompt-2784 ти▓тѕєТъљ№╝їУи│У┐Є
РЈГ№ИЈ [Step 2] prompt-2784 ти▓у╝ќУ»Љ№╝їУи│У┐Є
РЈГ№ИЈ [Step 3] prompt-2784 ти▓ућЪТѕљ№╝їУи│У┐Є
РЈГ№ИЈ [Step 4] prompt-2784 ти▓тѕЏт╗║№╝їУи│У┐Є
РЈГ№ИЈ [Step 5] prompt-2784 ти▓ућЪТѕљ SEO№╝їУи│У┐Є

[4/200] тцёуљє: prompt-4435
----------------------------------------
РЈГ№ИЈ [Step 1] prompt-4435 ти▓тѕєТъљ№╝їУи│У┐Є
РЈГ№ИЈ [Step 2] prompt-4435 ти▓у╝ќУ»Љ№╝їУи│У┐Є
РЈГ№ИЈ [Step 3] prompt-4435 ти▓ућЪТѕљ№╝їУи│У┐Є
РЈГ№ИЈ [Step 4] prompt-4435 ти▓тѕЏт╗║№╝їУи│У┐Є
РЈГ№ИЈ [Step 5] prompt-4435 ти▓ућЪТѕљ SEO№╝їУи│У┐Є

[5/200] тцёуљє: prompt-4369
----------------------------------------
РЈГ№ИЈ [Step 1] prompt-4369 ти▓тѕєТъљ№╝їУи│У┐Є
РЈГ№ИЈ [Step 2] prompt-4369 ти▓у╝ќУ»Љ№╝їУи│У┐Є
РЈГ№ИЈ [Step 3] prompt-4369 ти▓ућЪТѕљ№╝їУи│У┐Є
РЈГ№ИЈ [Step 4] prompt-4369 ти▓тѕЏт╗║№╝їУи│У┐Є
РЈГ№ИЈ [Step 5] prompt-4369 ти▓ућЪТѕљ SEO№╝їУи│У┐Є

[6/200] тцёуљє: prompt-4296
----------------------------------------
РЈГ№ИЈ [Step 1] prompt-4296 ти▓тѕєТъљ№╝їУи│У┐Є
РЈГ№ИЈ [Step 2] prompt-4296 ти▓у╝ќУ»Љ№╝їУи│У┐Є
РЈГ№ИЈ [Step 3] prompt-4296 ти▓ућЪТѕљ№╝їУи│У┐Є
РЈГ№ИЈ [Step 4] prompt-4296 ти▓тѕЏт╗║№╝їУи│У┐Є
РЈГ№ИЈ [Step 5] prompt-4296 ти▓ућЪТѕљ SEO№╝їУи│У┐Є

[7/200] тцёуљє: prompt-4398
----------------------------------------
РЈГ№ИЈ [Step 1] prompt-4398 ти▓тѕєТъљ№╝їУи│У┐Є
РЈГ№ИЈ [Step 2] prompt-4398 ти▓у╝ќУ»Љ№╝їУи│У┐Є
РЈГ№ИЈ [Step 3] prompt-4398 ти▓ућЪТѕљ№╝їУи│У┐Є
РЈГ№ИЈ [Step 4] prompt-4398 ти▓тѕЏт╗║№╝їУи│У┐Є
РЈГ№ИЈ [Step 5] prompt-4398 ти▓ућЪТѕљ SEO№╝їУи│У┐Є

[8/200] тцёуљє: prompt-4086
----------------------------------------
РЈГ№ИЈ [Step 1] prompt-4086 ти▓тѕєТъљ№╝їУи│У┐Є
РЈГ№ИЈ [Step 2] prompt-4086 ти▓у╝ќУ»Љ№╝їУи│У┐Є
РЈГ№ИЈ [Step 3] prompt-4086 ти▓ућЪТѕљ№╝їУи│У┐Є
РЈГ№ИЈ [Step 4] prompt-4086 ти▓тѕЏт╗║№╝їУи│У┐Є
РЈГ№ИЈ [Step 5] prompt-4086 ти▓ућЪТѕљ SEO№╝їУи│У┐Є

[9/200] тцёуљє: prompt-4092
----------------------------------------
РЈГ№ИЈ [Step 1] prompt-4092 ти▓тѕєТъљ№╝їУи│У┐Є
РЈГ№ИЈ [Step 2] prompt-4092 ти▓у╝ќУ»Љ№╝їУи│У┐Є
РЈГ№ИЈ [Step 3] prompt-4092 ти▓ућЪТѕљ№╝їУи│У┐Є
РЈГ№ИЈ [Step 4] prompt-4092 ти▓тѕЏт╗║№╝їУи│У┐Є
РЈГ№ИЈ [Step 5] prompt-4092 ти▓ућЪТѕљ SEO№╝їУи│У┐Є

[10/200] тцёуљє: prompt-4170
----------------------------------------
РЈГ№ИЈ [Step 1] prompt-4170 ти▓тѕєТъљ№╝їУи│У┐Є
РЈГ№ИЈ [Step 2] prompt-4170 ти▓у╝ќУ»Љ№╝їУи│У┐Є
РЈГ№ИЈ [Step 3] prompt-4170 ти▓ућЪТѕљ№╝їУи│У┐Є
РЈГ№ИЈ [Step 4] prompt-4170 ти▓тѕЏт╗║№╝їУи│У┐Є
РЈГ№ИЈ [Step 5] prompt-4170 ти▓ућЪТѕљ SEO№╝їУи│У┐Є

[11/200] тцёуљє: prompt-4172
----------------------------------------
РЈГ№ИЈ [Step 1] prompt-4172 ти▓тѕєТъљ№╝їУи│У┐Є
РЈГ№ИЈ [Step 2] prompt-4172 ти▓у╝ќУ»Љ№╝їУи│У┐Є
РЈГ№ИЈ [Step 3] prompt-4172 ти▓ућЪТѕљ№╝їУи│У┐Є
РЈГ№ИЈ [Step 4] prompt-4172 ти▓тѕЏт╗║№╝їУи│У┐Є
РЈГ№ИЈ [Step 5] prompt-4172 ти▓ућЪТѕљ SEO№╝їУи│У┐Є

[12/200] тцёуљє: prompt-4083
----------------------------------------
РЈГ№ИЈ [Step 1] prompt-4083 ти▓тѕєТъљ№╝їУи│У┐Є
РЈГ№ИЈ [Step 2] prompt-4083 ти▓у╝ќУ»Љ№╝їУи│У┐Є
РЈГ№ИЈ [Step 3] prompt-4083 ти▓ућЪТѕљ№╝їУи│У┐Є
РЈГ№ИЈ [Step 4] prompt-4083 ти▓тѕЏт╗║№╝їУи│У┐Є
РЈГ№ИЈ [Step 5] prompt-4083 ти▓ућЪТѕљ SEO№╝їУи│У┐Є

[13/200] тцёуљє: prompt-4072
----------------------------------------
РЈГ№ИЈ [Step 1] prompt-4072 ти▓тѕєТъљ№╝їУи│У┐Є
РЈГ№ИЈ [Step 2] prompt-4072 ти▓у╝ќУ»Љ№╝їУи│У┐Є
РЈГ№ИЈ [Step 3] prompt-4072 ти▓ућЪТѕљ№╝їУи│У┐Є
РЈГ№ИЈ [Step 4] prompt-4072 ти▓тѕЏт╗║№╝їУи│У┐Є
РЈГ№ИЈ [Step 5] prompt-4072 ти▓ућЪТѕљ SEO№╝їУи│У┐Є

[14/200] тцёуљє: prompt-4168
----------------------------------------
РЈГ№ИЈ [Step 1] prompt-4168 ти▓тѕєТъљ№╝їУи│У┐Є
РЈГ№ИЈ [Step 2] prompt-4168 ти▓у╝ќУ»Љ№╝їУи│У┐Є
РЈГ№ИЈ [Step 3] prompt-4168 ти▓ућЪТѕљ№╝їУи│У┐Є
РЈГ№ИЈ [Step 4] prompt-4168 ти▓тѕЏт╗║№╝їУи│У┐Є
РЈГ№ИЈ [Step 5] prompt-4168 ти▓ућЪТѕљ SEO№╝їУи│У┐Є

[15/200] тцёуљє: prompt-4078
----------------------------------------
РЈГ№ИЈ [Step 1] prompt-4078 ти▓тѕєТъљ№╝їУи│У┐Є
РЈГ№ИЈ [Step 2] prompt-4078 ти▓у╝ќУ»Љ№╝їУи│У┐Є
РЈГ№ИЈ [Step 3] prompt-4078 ти▓ућЪТѕљ№╝їУи│У┐Є
РЈГ№ИЈ [Step 4] prompt-4078 ти▓тѕЏт╗║№╝їУи│У┐Є
РЈГ№ИЈ [Step 5] prompt-4078 ти▓ућЪТѕљ SEO№╝їУи│У┐Є

[16/200] тцёуљє: prompt-4019
----------------------------------------
РЈГ№ИЈ [Step 1] prompt-4019 ти▓тѕєТъљ№╝їУи│У┐Є
РЈГ№ИЈ [Step 2] prompt-4019 ти▓у╝ќУ»Љ№╝їУи│У┐Є
РЈГ№ИЈ [Step 3] prompt-4019 ти▓ућЪТѕљ№╝їУи│У┐Є
РЈГ№ИЈ [Step 4] prompt-4019 ти▓тѕЏт╗║№╝їУи│У┐Є
РЈГ№ИЈ [Step 5] prompt-4019 ти▓ућЪТѕљ SEO№╝їУи│У┐Є

[17/200] тцёуљє: prompt-3781
----------------------------------------
РЈГ№ИЈ [Step 1] prompt-3781 ти▓тѕєТъљ№╝їУи│У┐Є
РЈГ№ИЈ [Step 2] prompt-3781 ти▓у╝ќУ»Љ№╝їУи│У┐Є
РЈГ№ИЈ [Step 3] prompt-3781 ти▓ућЪТѕљ№╝їУи│У┐Є
РЈГ№ИЈ [Step 4] prompt-3781 ти▓тѕЏт╗║№╝їУи│У┐Є
РЈГ№ИЈ [Step 5] prompt-3781 ти▓ућЪТѕљ SEO№╝їУи│У┐Є

[18/200] тцёуљє: prompt-3861
----------------------------------------
РЈГ№ИЈ [Step 1] prompt-3861 ти▓тѕєТъљ№╝їУи│У┐Є
РЈГ№ИЈ [Step 2] prompt-3861 ти▓у╝ќУ»Љ№╝їУи│У┐Є
РЈГ№ИЈ [Step 3] prompt-3861 ти▓ућЪТѕљ№╝їУи│У┐Є
РЈГ№ИЈ [Step 4] prompt-3861 ти▓тѕЏт╗║№╝їУи│У┐Є
РЈГ№ИЈ [Step 5] prompt-3861 ти▓ућЪТѕљ SEO№╝їУи│У┐Є

[19/200] тцёуљє: prompt-3909
----------------------------------------
РЈГ№ИЈ [Step 1] prompt-3909 ти▓тѕєТъљ№╝їУи│У┐Є
РЈГ№ИЈ [Step 2] prompt-3909 ти▓у╝ќУ»Љ№╝їУи│У┐Є
РЈГ№ИЈ [Step 3] prompt-3909 ти▓ућЪТѕљ№╝їУи│У┐Є
РЈГ№ИЈ [Step 4] prompt-3909 ти▓тѕЏт╗║№╝їУи│У┐Є
РЈГ№ИЈ [Step 5] prompt-3909 ти▓ућЪТѕљ SEO№╝їУи│У┐Є

[20/200] тцёуљє: prompt-3487
----------------------------------------
­Ъћё [Step 1] тѕєТъљТёЈтЏЙ: prompt-3487
РЮї [Step 1] тѕєТъљтц▒У┤Ц: fetch failed
Рџа№ИЈ [Step 2] prompt-3487 ТюфтѕєТъљ№╝їУи│У┐Єу╝ќУ»Љ
Рџа№ИЈ [Step 3] prompt-3487 Тюфу╝ќУ»Љ№╝їУи│У┐ЄућЪТѕљ
Рџа№ИЈ [Step 4] prompt-3487 ТюфућЪТѕљтЏЙуЅЄ№╝їУи│У┐ЄтѕЏт╗║тИќтГљ
Рџа№ИЈ [Step 5] prompt-3487 тИќтГљТюфтѕЏт╗║№╝їУи│У┐Є SEO ућЪТѕљ

[21/200] тцёуљє: prompt-3489
----------------------------------------
РЈГ№ИЈ [Step 1] prompt-3489 ти▓тѕєТъљ№╝їУи│У┐Є
РЈГ№ИЈ [Step 2] prompt-3489 ти▓у╝ќУ»Љ№╝їУи│У┐Є
РЈГ№ИЈ [Step 3] prompt-3489 ти▓ућЪТѕљ№╝їУи│У┐Є
РЈГ№ИЈ [Step 4] prompt-3489 ти▓тѕЏт╗║№╝їУи│У┐Є
РЈГ№ИЈ [Step 5] prompt-3489 ти▓ућЪТѕљ SEO№╝їУи│У┐Є

[22/200] тцёуљє: prompt-3460
----------------------------------------
РЈГ№ИЈ [Step 1] prompt-3460 ти▓тѕєТъљ№╝їУи│У┐Є
РЈГ№ИЈ [Step 2] prompt-3460 ти▓у╝ќУ»Љ№╝їУи│У┐Є
РЈГ№ИЈ [Step 3] prompt-3460 ти▓ућЪТѕљ№╝їУи│У┐Є
РЈГ№ИЈ [Step 4] prompt-3460 ти▓тѕЏт╗║№╝їУи│У┐Є
РЈГ№ИЈ [Step 5] prompt-3460 ти▓ућЪТѕљ SEO№╝їУи│У┐Є

[23/200] тцёуљє: prompt-3321
----------------------------------------
РЈГ№ИЈ [Step 1] prompt-3321 ти▓тѕєТъљ№╝їУи│У┐Є
РЈГ№ИЈ [Step 2] prompt-3321 ти▓у╝ќУ»Љ№╝їУи│У┐Є
РЈГ№ИЈ [Step 3] prompt-3321 ти▓ућЪТѕљ№╝їУи│У┐Є
РЈГ№ИЈ [Step 4] prompt-3321 ти▓тѕЏт╗║№╝їУи│У┐Є
РЈГ№ИЈ [Step 5] prompt-3321 ти▓ућЪТѕљ SEO№╝їУи│У┐Є
